# timestamp | duration | file | instruction | dir | modtime | etag | size | fileId | status | errorString | http result code | other size | other modtime | other etag | other fileId | other instruction
#=#=#=# Syncrun started 2018-01-11T14:38:09
#=#=#=#=# Propagation starts 2018-01-11T14:38:09 (last step: 249 msec, total: 249 msec)
13:38:26||7JJafX7a7aTJXxJ7FsUDJSDiHJXVHgzsqHUpXUp5fJY7T17fKNppvvEpaCa2fHDXcrypto.plist|INST_NEW|Down|1488204730|b4ab48ab64638a50063a50a6aec50761|37315|00008144oc3cyazo6xmf|4||0|0|0|||INST_NONE|
||Documents|INST_NEW|Down|1515673843|5a5758f4177e9|0|00000003oc3cyazo6xmf|4||0|0|0|||INST_NONE|
13:38:26||0J7pf7HJaPTJsJJDJpUfHSDaHXmHjgzsHDpXQp7fJP7rT7fYKpJpvvpaCaHfHDX0crypto|INST_NEW|Down|1484138788|4544a262d9eaa916ca7c4dfcd382ab7d|815|00007496oc3cyazo6xmf|4||0|0|0|||INST_NONE|
13:38:26||0J7pf7HJaPTJsJJDJpUfHSDaHXmHjgzsHDpXQp7fJP7rT7fYKpJpvvpaCaHfHDX0crypto.plist|INST_NEW|Down|1484138788|2fd3fc958a5486327f51547bc3634d76|815|00007497oc3cyazo6xmf|4||0|0|0|||INST_NONE|
13:38:26||Documents/0J7pf7HJHPJ7s7QDJCUf7SX7HXmHjgzsHDpXQp7fJP7rT7fYKpJpvvpaCaHfHDX0crypto|INST_NEW|Down|1482258060|f9f10b75e010b31ec8fe70e4806e4c3e|1327|00006133oc3cyazo6xmf|4||0|0|0|||INST_NONE|
13:38:26||Documents/0J7pf7HJHPJ7s7QDJCUf7SX7HXmHjgzsHDpXQp7fJP7rT7fYKpJpvvpaCaHfHDX0crypto.plist|INST_NEW|Down|1482258060|079afa6b56823aecea13aea535a2ffde|1327|00006134oc3cyazo6xmf|4||0|0|0|||INST_NONE|
13:38:26||2017-02-27 15-12-28-1.JPG|INST_NEW|Down|1488204761|2e09b51e616af2ea8d6720f017b1a5cb|1607628|00008145oc3cyazo6xmf|4||0|0|0|||INST_NONE|
13:38:26||Documents/0J7pf7HJHPJ7s7QDJCUpPSXaHXmHjgzsHDpXQp7fJP7rT7fYKpJpvvpaCaHfHDX0crypto|INST_NEW|Down|1482258059|e10b6f1fd0bf8592c2b432a7485b77ff|1283|00006131oc3cyazo6xmf|4||0|0|0|||INST_NONE|
||Documents/Edouard|INST_NEW|Down|1515673843|5a5758f4177e9|0|00001536oc3cyazo6xmf|4||0|0|0|||INST_NONE|
13:38:26||Documents/0J7pf7HJHPJ7s7QDJCUpPSXaHXmHjgzsHDpXQp7fJP7rT7fYKpJpvvpaCaHfHDX0crypto.plist|INST_NEW|Down|1482258060|750a7d7aec8fdfa3c772f437edd9a2f7|1283|00006132oc3cyazo6xmf|4||0|0|0|||INST_NONE|
13:38:26||7JJafX7a7aTJXxJ7FsUDJSDiHJXVHgzsqHUpXUp5fJY7T17fKNppvvEpaCa2fHDXcrypto|INST_NEW|Down|1488204730|2b7b701db4a2a354b39623bf6ace1171|1607698|00008143oc3cyazo6xmf|4||0|0|0|||INST_NONE|
13:38:26||Documents/Edouard/0J7pf7HJaPTfsxfDJfUJJS7aHXmHjgzsHDpXQp7fJP7rT7fYKpJpvvpaCaHfHDX0crypto|INST_NEW|Down|1491307925|78171f21fbd9cae19ae748923c77a61f|815|00009119oc3cyazo6xmf|4||0|0|0|||INST_NONE|
13:38:26||Documents/Edouard/0J7pf7HJaPTfsxfDJfUJJS7aHXmHjgzsHDpXQp7fJP7rT7fYKpJpvvpaCaHfHDX0crypto.plist|INST_NEW|Down|1491307925|295a7c5cc79b6f5f81e4630d109115d8|815|00009120oc3cyazo6xmf|4||0|0|0|||INST_NONE|
13:38:26||Documents/Edouard/2016-11-18 08-25-21 6817.jpg|INST_NEW|Down|1479458548|d895656791b5174e741bbf034b7b091f|1231445|00004508oc3cyazo6xmf|4||0|0|0|||INST_NONE|
13:38:26||Documents/Edouard/2016-11-18 08-25-28 6818.jpg|INST_NEW|Down|1479458519|2acd9c8757212bced4b9ef5c65899b0c|1390230|00004506oc3cyazo6xmf|4||0|0|0|||INST_NONE|
13:38:27||Documents/Edouard/2016-11-18 08-25-31 6819.jpg|INST_NEW|Down|1479458634|f67f1accd163c7c937445225f540a53e|994995|00004510oc3cyazo6xmf|4||0|0|0|||INST_NONE|
13:38:27||Documents/Edouard/2016-11-18 08-25-36 6820.jpg|INST_NEW|Down|1479458528|fabd4db4907a2891ec84b127781ef5b3|1133044|00004507oc3cyazo6xmf|4||0|0|0|||INST_NONE|
13:38:27||Documents/Edouard/2016-11-18 08-25-38 6821.jpg|INST_NEW|Down|1479458566|0ef9582abc51cc4e7fbc884399402cf3|1348135|00004509oc3cyazo6xmf|4||0|0|0|||INST_NONE|
13:38:28||Documents/Edouard/2016-11-18 10-48-25 6823.jpg|INST_NEW|Down|1479462655|66e9d8f6af7d69ebb839988bc3a61f03|391758|00004514oc3cyazo6xmf|4||0|0|0|||INST_NONE|
13:38:28||Documents/Edouard/2016-11-18 08-28-03 6822.jpg|INST_NEW|Down|1479462689|06e6b13ef0dc2af58f86757ea67fe20b|2243245|00004511oc3cyazo6xmf|4||0|0|0|||INST_NONE|
13:38:28||Documents/Edouard/2016-11-18 10-48-46 6824.jpg|INST_NEW|Down|1479462657|21e4b2e1325a5553de7bd784617ebbc3|583179|00004515oc3cyazo6xmf|4||0|0|0|||INST_NONE|
13:38:28||Documents/Edouard/2016-11-18 10-53-09 6825.jpg|INST_NEW|Down|1479464087|eb157935a97772b3ef0822665df0c839|1773781|00004518oc3cyazo6xmf|4||0|0|0|||INST_NONE|
13:38:29||Documents/Edouard/Chambre d'hotes pour le mariage de nico.txt|INST_NEW|Down|1488657952|9ed854cc735814e1f12e40d5f82d4021|61|00008675oc3cyazo6xmf|4||0|0|0|||INST_NONE|
13:38:29||Documents/Edouard/Diplomes Avec Notes.pdf|INST_NEW|Down|1475049823|c576cef266fe17a47f20e50e9729fe8c|4192789|00001561oc3cyazo6xmf|4||0|0|0|||INST_NONE|
13:38:28||Documents/Edouard/2017-01-27 15-43-18 7294.jpg|INST_NEW|Down|1490278385|3e659933903b071f7dd6e5ba267f6a73|1791294|00007785oc3cyazo6xmf|4||0|0|0|||INST_NONE|
13:38:26||Documents/Edouard/1473651433.epub|INST_NEW|Down|1487169537|bc8ad8b46036e2a6c79bca7c0fccf16a|13574516|00008070oc3cyazo6xmf|4||0|0|0|||INST_NONE|
13:38:32||Documents/Edouard/Invitation Diner Noel 2017.txt|INST_NEW|Down|1511343879|07938d655b3b256c7cb9b10f5f9f572e|663|00024742oc3cyazo6xmf|4||0|0|0|||INST_NONE|
13:38:32||Documents/Edouard/Films.txt|INST_NEW|Down|1478518312|663c346e6a72e4d685434f55c08e3a0e|85|00003702oc3cyazo6xmf|4||0|0|0|||INST_NONE|
13:38:32||Documents/Edouard/Diplomes.pdf|INST_NEW|Down|1475050169|6ccad03d3ef6fe318527e1d1ad99281e|1721903|00001566oc3cyazo6xmf|4||0|0|0|||INST_NONE|
13:38:32||Documents/Edouard/Grand.Teton.Horses.original.7440.jpg|INST_NEW|Down|1488184042|acdc766a615515da50f34458d39eecfe|2013546|00008142oc3cyazo6xmf|4||0|0|0|||INST_NONE|
13:38:32||Documents/Edouard/Mutuelle Carte Tiers Payant.pdf|INST_NEW|Down|1493217002|5e85ba6fa03f6c7511d593fa03d10bfb|648219|00009681oc3cyazo6xmf|4||0|0|0|||INST_NONE|
13:38:33||Documents/Edouard/Photo-2016-09-16-07-47-45_6350.PNG|INST_NEW|Down|1474005364|a4493c9ecf58ff038be29304a3420557|217707|00001340oc3cyazo6xmf|4||0|0|0|||INST_NONE|
13:38:33||Documents/Edouard/Releve_compte_28_02_2017.pdf|INST_NEW|Down|1490370079|d3ea2aa115d48b89bb76894751e1ae49|60992|00009048oc3cyazo6xmf|4||0|0|0|||INST_NONE|
13:38:33||Documents/Edouard/Passeport edouard.jpg|INST_NEW|Down|1506675897|692d3190e2d42fd716ce48d4c8e4dac2|1256173|00020044oc3cyazo6xmf|4||0|0|0|||INST_NONE|
||Documents/Edouard/Travail|INST_NEW|Down|1515673843|5a5758f4177e9|0|00001104oc3cyazo6xmf|4||0|0|0|||INST_NONE|
13:38:33||Documents/Edouard/Scooter in the City.pptx|INST_NEW|Down|1257784861|386d33a18a5b4ca7425b726268cf4293|1466245|00009737oc3cyazo6xmf|4||0|0|0|||INST_NONE|
13:38:34||Documents/Edouard/To see . To Read . Ideas.txt|INST_NEW|Down|1479390931|5f10bbad3b24d7cc80a05fc05de04e0f|274|00001995oc3cyazo6xmf|4||0|0|0|||INST_NONE|
13:38:34||Documents/Edouard/Travail/Accuse de Reception Demande de Congés Paternite.pdf|INST_NEW|Down|1500541061|f1a21374949c76629fb950fb7468d5e4|25638|00015398oc3cyazo6xmf|4||0|0|0|||INST_NONE|
13:38:34||Documents/Edouard/Travail/BG Energy.docx|INST_NEW|Down|1476368481|a94cab4f9ca4b26c239575dc481b36ed|12008|00002428oc3cyazo6xmf|4||0|0|0|||INST_NONE|
13:38:34||Documents/Edouard/Travail/Callable.txt|INST_NEW|Down|1476956015|56197a0f5ca95ec0f7f047d244e55bda|44|00002421oc3cyazo6xmf|4||0|0|0|||INST_NONE|
13:38:34||Documents/Edouard/Travail/DE GRIVEL.docx|INST_NEW|Down|1473929269|b7d24db85a53dec895d331f81ac66eaf|58763|00008074oc3cyazo6xmf|4||0|0|0|||INST_NONE|
13:38:34||Documents/Edouard/Travail/Lettre Congé Paternite.docx|INST_NEW|Down|1500540723|b2f820cffd9fb3bd34f96a8aa4279b17|14499|00015394oc3cyazo6xmf|4||0|0|0|||INST_NONE|
13:38:34||Documents/Edouard/Travail/Regional Review Feb 2016.pdf|INST_NEW|Down|1512728777|805c07a63c1103d4076fdae70ba95007|667039|00025916oc3cyazo6xmf|4||0|0|0|||INST_NONE|
||Documents/Edouard/Travail/database|INST_NEW|Down|1515673843|5a5758f4177e9|0|00029234oc3cyazo6xmf|4||0|0|0|||INST_NONE|
13:38:34||Documents/Edouard/Travail/BoA.docx|INST_NEW|Down|1481523885|0bf85858ba6e1bab3934786ad7123db1|2858592|00005263oc3cyazo6xmf|4||0|0|0|||INST_NONE|
13:38:34||Documents/Edouard/Travail/database/CommandSQL.txt|INST_NEW|Down|1514459941|ab5f4083f031d065f86f9af8dd702144|254|00029374oc3cyazo6xmf|4||0|0|0|||INST_NONE|
13:38:34||Documents/Edouard/Travail/database/connection_psycopg2.txt|INST_NEW|Down|1513676107|dc45b5e37c270354013a5f6e84dd8a14|487|00029380oc3cyazo6xmf|4||0|0|0|||INST_NONE|
13:38:35||Documents/Edouard/Travail/database/data_insert_into.xlsx|INST_NEW|Down|1514994840|cd4eb20ec58f192f9e4b815a08e5c3d7|10170|00029734oc3cyazo6xmf|4||0|0|0|||INST_NONE|
13:38:35||Documents/Edouard/Travail/database/px_apollo.csv|INST_NEW|Down|1513264954|dd5d156306906d851c4ded94f20eb694|378009|00029237oc3cyazo6xmf|4||0|0|0|||INST_NONE|
13:38:35||Documents/Edouard/Travail/database/ref_global.csv|INST_NEW|Down|1515673824|3b668291003865994b2814524cb604ee|50024|00031194oc3cyazo6xmf|4||0|0|0|||INST_NONE|
13:38:35||Documents/Edouard/Travail/database/table_isin_apollo_code.xlsx|INST_NEW|Down|1515673712|141c558107d9f2c88e963a4e44063ce8|8447|00031204oc3cyazo6xmf|4||0|0|0|||INST_NONE|
13:38:35||Documents/Edouard/Travail/database/table_risque.csv|INST_NEW|Down|1513249376|b61a4788d37edf87ec57df5053240b3d|268299|00029236oc3cyazo6xmf|4||0|0|0|||INST_NONE|
13:38:35||Documents/Edouard/beam NG steam key.pdf|INST_NEW|Down|1498823254|c6d0b630182e025c2ffa6bc05de6a0d5|76796|00010156oc3cyazo6xmf|4||0|0|0|||INST_NONE|
13:38:35||Documents/Edouard/appartParent.txt|INST_NEW|Down|1499062353|368272ffeedf7fd489c315885af04a51|779|00010160oc3cyazo6xmf|4||0|0|0|||INST_NONE|
13:38:36||Documents/Edouard/certificat medical.pdf|INST_NEW|Down|1474620151|7a1a435098aca5fe8b9c02cee1d35af9|17864|00001537oc3cyazo6xmf|4||0|0|0|||INST_NONE|
13:38:36||Documents/Edouard/colors.tdesktop-theme|INST_NEW|Down|1491295043|6a67b36c54f110aa356ba2c8e0d94253|43893|00009118oc3cyazo6xmf|4||0|0|0|||INST_NONE|
13:38:36||Documents/Edouard/contrat.txt|INST_NEW|Down|1483444730|00206037f28bbca1ee036c49782b2f20|43|00006204oc3cyazo6xmf|4||0|0|0|||INST_NONE|
13:38:36||Documents/Edouard/doc signé.docx|INST_NEW|Down|1498048597|57af60d3931e1ae244a86c64df575da5|25423|00010143oc3cyazo6xmf|4||0|0|0|||INST_NONE|
13:38:36||Documents/Edouard/giphy.gif|INST_NEW|Down|1493370929|e785a85214d8e60a9fd91f6f1bc5953d|1017071|00009682oc3cyazo6xmf|4||0|0|0|||INST_NONE|
13:38:36||Documents/Edouard/grand_canyon_main_2014_-_shutterstock-kojihirano.jpg|INST_NEW|Down|1488183924|f4e00c0046519aecc4a494bca422b0e7|101544|00008140oc3cyazo6xmf|4||0|0|0|||INST_NONE|
13:38:36||Documents/Edouard/message FB.txt|INST_NEW|Down|1482177323|c07a45ed280033cfbd2f22053266ed82|154|00005300oc3cyazo6xmf|4||0|0|0|||INST_NONE|
13:38:37||Documents/Edouard/signature-page-001.jpg|INST_NEW|Down|1497960048|c70bc7f728bcf514a4590114d703867f|51445|00010133oc3cyazo6xmf|4||0|0|0|||INST_NONE|
13:38:37||Documents/Edouard/signature.pdf|INST_NEW|Down|1497959635|1e47d63b6c32aac51e052b192576064f|13057|00010132oc3cyazo6xmf|4||0|0|0|||INST_NONE|
13:38:35||Documents/Edouard/Travail/database/px_sgss.csv|INST_NEW|Down|1513249275|2671b809ccc4b2665499c25ca986217f|6155526|00029235oc3cyazo6xmf|4||0|0|0|||INST_NONE|
13:38:37||New Document.odt|INST_NEW|Down|1483444672|110585a1cd5304b6d72090623e199619|7938|00006203oc3cyazo6xmf|4||0|0|0|||INST_NONE|
13:38:33||Documents/Edouard/National_Geographic_-_Fevrier_2017.pdf|INST_NEW|Down|1485591159|76e29da14e4da987bf21ff0b56e7b864|37477731|00007798oc3cyazo6xmf|4||0|0|0|||INST_NONE|
13:38:37||projects.zip|INST_NEW|Down|1489159444|bf9e90579c19f8c3ae270a87b06ded49|296085190|00008882oc3cyazo6xmf|4||0|0|0|||INST_NONE|
#=#=#=# Syncrun finished 2018-01-11T14:38:51 (last step: 42252 msec, total: 42502 msec)
#=#=#=# Syncrun started 2018-01-11T14:40:42
#=#=#=#=# Propagation starts 2018-01-11T14:40:42 (last step: 427 msec, total: 427 msec)
13:40:59||Documents/Edouard/Travail/database/num_categorie_1.csv|INST_NEW|Down|1515678016|e57390b5e6eb612275e81793df89273f|101|00031209oc3cyazo6xmf|4||0|0|0|||INST_NONE|
#=#=#=# Syncrun finished 2018-01-11T14:40:42 (last step: 166 msec, total: 594 msec)
#=#=#=# Syncrun started 2018-01-11T14:43:41
#=#=#=#=# Propagation starts 2018-01-11T14:43:42 (last step: 138 msec, total: 138 msec)
||Documents/Edouard/0J7pf7HJHPJ7s7QDJCUf7SX7HXmHjgzsHDpXQp7fJP7rT7fYKpJpvvpaCaHfHDX0crypto -> Documents/Edouard/0J7pf7HJHPJ7s7QDJCUf7SX7HXmHjgzsHDpXQp7fJP7rT7fYKpJpvvpaCaHfHDX0crypto|INST_RENAME|Down|1482258060|f9f10b75e010b31ec8fe70e4806e4c3e|1327|00006133oc3cyazo6xmf|4||0|0|0|||INST_NONE|
||Documents/Edouard/0J7pf7HJHPJ7s7QDJCUf7SX7HXmHjgzsHDpXQp7fJP7rT7fYKpJpvvpaCaHfHDX0crypto.plist -> Documents/Edouard/0J7pf7HJHPJ7s7QDJCUf7SX7HXmHjgzsHDpXQp7fJP7rT7fYKpJpvvpaCaHfHDX0crypto.plist|INST_RENAME|Down|1482258060|079afa6b56823aecea13aea535a2ffde|1327|00006134oc3cyazo6xmf|4||0|0|0|||INST_NONE|
||Documents/Edouard/0J7pf7HJHPJ7s7QDJCUpPSXaHXmHjgzsHDpXQp7fJP7rT7fYKpJpvvpaCaHfHDX0crypto -> Documents/Edouard/0J7pf7HJHPJ7s7QDJCUpPSXaHXmHjgzsHDpXQp7fJP7rT7fYKpJpvvpaCaHfHDX0crypto|INST_RENAME|Down|1482258059|e10b6f1fd0bf8592c2b432a7485b77ff|1283|00006131oc3cyazo6xmf|4||0|0|0|||INST_NONE|
||Documents/Edouard/0J7pf7HJHPJ7s7QDJCUpPSXaHXmHjgzsHDpXQp7fJP7rT7fYKpJpvvpaCaHfHDX0crypto.plist -> Documents/Edouard/0J7pf7HJHPJ7s7QDJCUpPSXaHXmHjgzsHDpXQp7fJP7rT7fYKpJpvvpaCaHfHDX0crypto.plist|INST_RENAME|Down|1482258060|750a7d7aec8fdfa3c772f437edd9a2f7|1283|00006132oc3cyazo6xmf|4||0|0|0|||INST_NONE|
#=#=#=# Syncrun finished 2018-01-11T14:43:42 (last step: 49 msec, total: 188 msec)
#=#=#=# Syncrun started 2018-01-11T14:44:41
#=#=#=#=# Propagation starts 2018-01-11T14:44:42 (last step: 206 msec, total: 206 msec)
||Documents/Edouard/Divers|INST_NEW|Down|1515678280|5a576a487baa3|0|00031210oc3cyazo6xmf|4||0|0|0|||INST_NONE|
||Documents/Edouard/Divers/0J7pf7HJHPJ7s7QDJCUf7SX7HXmHjgzsHDpXQp7fJP7rT7fYKpJpvvpaCaHfHDX0crypto -> Documents/Edouard/Divers/0J7pf7HJHPJ7s7QDJCUf7SX7HXmHjgzsHDpXQp7fJP7rT7fYKpJpvvpaCaHfHDX0crypto|INST_RENAME|Down|1482258060|f9f10b75e010b31ec8fe70e4806e4c3e|1327|00006133oc3cyazo6xmf|4||0|0|0|||INST_NONE|
||Documents/Edouard/Divers/0J7pf7HJHPJ7s7QDJCUf7SX7HXmHjgzsHDpXQp7fJP7rT7fYKpJpvvpaCaHfHDX0crypto.plist -> Documents/Edouard/Divers/0J7pf7HJHPJ7s7QDJCUf7SX7HXmHjgzsHDpXQp7fJP7rT7fYKpJpvvpaCaHfHDX0crypto.plist|INST_RENAME|Down|1482258060|079afa6b56823aecea13aea535a2ffde|1327|00006134oc3cyazo6xmf|4||0|0|0|||INST_NONE|
||Documents/Edouard/Divers/0J7pf7HJHPJ7s7QDJCUpPSXaHXmHjgzsHDpXQp7fJP7rT7fYKpJpvvpaCaHfHDX0crypto -> Documents/Edouard/Divers/0J7pf7HJHPJ7s7QDJCUpPSXaHXmHjgzsHDpXQp7fJP7rT7fYKpJpvvpaCaHfHDX0crypto|INST_RENAME|Down|1482258059|e10b6f1fd0bf8592c2b432a7485b77ff|1283|00006131oc3cyazo6xmf|4||0|0|0|||INST_NONE|
||Documents/Edouard/Divers/0J7pf7HJHPJ7s7QDJCUpPSXaHXmHjgzsHDpXQp7fJP7rT7fYKpJpvvpaCaHfHDX0crypto.plist -> Documents/Edouard/Divers/0J7pf7HJHPJ7s7QDJCUpPSXaHXmHjgzsHDpXQp7fJP7rT7fYKpJpvvpaCaHfHDX0crypto.plist|INST_RENAME|Down|1482258060|750a7d7aec8fdfa3c772f437edd9a2f7|1283|00006132oc3cyazo6xmf|4||0|0|0|||INST_NONE|
||Documents/Edouard/Divers/0J7pf7HJaPTfsxfDJfUJJS7aHXmHjgzsHDpXQp7fJP7rT7fYKpJpvvpaCaHfHDX0crypto -> Documents/Edouard/Divers/0J7pf7HJaPTfsxfDJfUJJS7aHXmHjgzsHDpXQp7fJP7rT7fYKpJpvvpaCaHfHDX0crypto|INST_RENAME|Down|1491307925|78171f21fbd9cae19ae748923c77a61f|815|00009119oc3cyazo6xmf|4||0|0|0|||INST_NONE|
||Documents/Edouard/Divers/0J7pf7HJaPTfsxfDJfUJJS7aHXmHjgzsHDpXQp7fJP7rT7fYKpJpvvpaCaHfHDX0crypto.plist -> Documents/Edouard/Divers/0J7pf7HJaPTfsxfDJfUJJS7aHXmHjgzsHDpXQp7fJP7rT7fYKpJpvvpaCaHfHDX0crypto.plist|INST_RENAME|Down|1491307925|295a7c5cc79b6f5f81e4630d109115d8|815|00009120oc3cyazo6xmf|4||0|0|0|||INST_NONE|
||Documents/Edouard/Divers/1473651433.epub -> Documents/Edouard/Divers/1473651433.epub|INST_RENAME|Down|1487169537|bc8ad8b46036e2a6c79bca7c0fccf16a|13574516|00008070oc3cyazo6xmf|4||0|0|0|||INST_NONE|
||Documents/Edouard/Divers/2016-11-18 08-25-21 6817.jpg -> Documents/Edouard/Divers/2016-11-18 08-25-21 6817.jpg|INST_RENAME|Down|1479458548|d895656791b5174e741bbf034b7b091f|1231445|00004508oc3cyazo6xmf|4||0|0|0|||INST_NONE|
||Documents/Edouard/Divers/2016-11-18 08-25-28 6818.jpg -> Documents/Edouard/Divers/2016-11-18 08-25-28 6818.jpg|INST_RENAME|Down|1479458519|2acd9c8757212bced4b9ef5c65899b0c|1390230|00004506oc3cyazo6xmf|4||0|0|0|||INST_NONE|
||Documents/Edouard/Divers/2016-11-18 08-25-31 6819.jpg -> Documents/Edouard/Divers/2016-11-18 08-25-31 6819.jpg|INST_RENAME|Down|1479458634|f67f1accd163c7c937445225f540a53e|994995|00004510oc3cyazo6xmf|4||0|0|0|||INST_NONE|
||Documents/Edouard/Divers/2016-11-18 08-25-36 6820.jpg -> Documents/Edouard/Divers/2016-11-18 08-25-36 6820.jpg|INST_RENAME|Down|1479458528|fabd4db4907a2891ec84b127781ef5b3|1133044|00004507oc3cyazo6xmf|4||0|0|0|||INST_NONE|
||Documents/Edouard/Divers/2016-11-18 08-25-38 6821.jpg -> Documents/Edouard/Divers/2016-11-18 08-25-38 6821.jpg|INST_RENAME|Down|1479458566|0ef9582abc51cc4e7fbc884399402cf3|1348135|00004509oc3cyazo6xmf|4||0|0|0|||INST_NONE|
||Documents/Edouard/Divers/2016-11-18 08-28-03 6822.jpg -> Documents/Edouard/Divers/2016-11-18 08-28-03 6822.jpg|INST_RENAME|Down|1479462689|06e6b13ef0dc2af58f86757ea67fe20b|2243245|00004511oc3cyazo6xmf|4||0|0|0|||INST_NONE|
||Documents/Edouard/Divers/2016-11-18 10-48-25 6823.jpg -> Documents/Edouard/Divers/2016-11-18 10-48-25 6823.jpg|INST_RENAME|Down|1479462655|66e9d8f6af7d69ebb839988bc3a61f03|391758|00004514oc3cyazo6xmf|4||0|0|0|||INST_NONE|
||Documents/Edouard/Divers/2016-11-18 10-48-46 6824.jpg -> Documents/Edouard/Divers/2016-11-18 10-48-46 6824.jpg|INST_RENAME|Down|1479462657|21e4b2e1325a5553de7bd784617ebbc3|583179|00004515oc3cyazo6xmf|4||0|0|0|||INST_NONE|
||Documents/Edouard/Divers/2016-11-18 10-53-09 6825.jpg -> Documents/Edouard/Divers/2016-11-18 10-53-09 6825.jpg|INST_RENAME|Down|1479464087|eb157935a97772b3ef0822665df0c839|1773781|00004518oc3cyazo6xmf|4||0|0|0|||INST_NONE|
||Documents/Edouard/Divers/2017-01-27 15-43-18 7294.jpg -> Documents/Edouard/Divers/2017-01-27 15-43-18 7294.jpg|INST_RENAME|Down|1490278385|3e659933903b071f7dd6e5ba267f6a73|1791294|00007785oc3cyazo6xmf|4||0|0|0|||INST_NONE|
||Documents/Edouard/Divers/Chambre d'hotes pour le mariage de nico.txt -> Documents/Edouard/Divers/Chambre d'hotes pour le mariage de nico.txt|INST_RENAME|Down|1488657952|9ed854cc735814e1f12e40d5f82d4021|61|00008675oc3cyazo6xmf|4||0|0|0|||INST_NONE|
||Documents/Edouard/Divers/Diplomes Avec Notes.pdf -> Documents/Edouard/Divers/Diplomes Avec Notes.pdf|INST_RENAME|Down|1475049823|c576cef266fe17a47f20e50e9729fe8c|4192789|00001561oc3cyazo6xmf|4||0|0|0|||INST_NONE|
||Documents/Edouard/Divers/Diplomes.pdf -> Documents/Edouard/Divers/Diplomes.pdf|INST_RENAME|Down|1475050169|6ccad03d3ef6fe318527e1d1ad99281e|1721903|00001566oc3cyazo6xmf|4||0|0|0|||INST_NONE|
||Documents/Edouard/Divers/Films.txt -> Documents/Edouard/Divers/Films.txt|INST_RENAME|Down|1478518312|663c346e6a72e4d685434f55c08e3a0e|85|00003702oc3cyazo6xmf|4||0|0|0|||INST_NONE|
||Documents/Edouard/Divers/Grand.Teton.Horses.original.7440.jpg -> Documents/Edouard/Divers/Grand.Teton.Horses.original.7440.jpg|INST_RENAME|Down|1488184042|acdc766a615515da50f34458d39eecfe|2013546|00008142oc3cyazo6xmf|4||0|0|0|||INST_NONE|
||Documents/Edouard/Divers/Invitation Diner Noel 2017.txt -> Documents/Edouard/Divers/Invitation Diner Noel 2017.txt|INST_RENAME|Down|1511343879|07938d655b3b256c7cb9b10f5f9f572e|663|00024742oc3cyazo6xmf|4||0|0|0|||INST_NONE|
||Documents/Edouard/Divers/Mutuelle Carte Tiers Payant.pdf -> Documents/Edouard/Divers/Mutuelle Carte Tiers Payant.pdf|INST_RENAME|Down|1493217002|5e85ba6fa03f6c7511d593fa03d10bfb|648219|00009681oc3cyazo6xmf|4||0|0|0|||INST_NONE|
||Documents/Edouard/Divers/National_Geographic_-_Fevrier_2017.pdf -> Documents/Edouard/Divers/National_Geographic_-_Fevrier_2017.pdf|INST_RENAME|Down|1485591159|76e29da14e4da987bf21ff0b56e7b864|37477731|00007798oc3cyazo6xmf|4||0|0|0|||INST_NONE|
||Documents/Edouard/Divers/Passeport edouard.jpg -> Documents/Edouard/Divers/Passeport edouard.jpg|INST_RENAME|Down|1506675897|692d3190e2d42fd716ce48d4c8e4dac2|1256173|00020044oc3cyazo6xmf|4||0|0|0|||INST_NONE|
||Documents/Edouard/Divers/Photo-2016-09-16-07-47-45_6350.PNG -> Documents/Edouard/Divers/Photo-2016-09-16-07-47-45_6350.PNG|INST_RENAME|Down|1474005364|a4493c9ecf58ff038be29304a3420557|217707|00001340oc3cyazo6xmf|4||0|0|0|||INST_NONE|
||Documents/Edouard/Divers/Releve_compte_28_02_2017.pdf -> Documents/Edouard/Divers/Releve_compte_28_02_2017.pdf|INST_RENAME|Down|1490370079|d3ea2aa115d48b89bb76894751e1ae49|60992|00009048oc3cyazo6xmf|4||0|0|0|||INST_NONE|
||Documents/Edouard/Divers/Scooter in the City.pptx -> Documents/Edouard/Divers/Scooter in the City.pptx|INST_RENAME|Down|1257784861|386d33a18a5b4ca7425b726268cf4293|1466245|00009737oc3cyazo6xmf|4||0|0|0|||INST_NONE|
||Documents/Edouard/Divers/To see . To Read . Ideas.txt -> Documents/Edouard/Divers/To see . To Read . Ideas.txt|INST_RENAME|Down|1479390931|5f10bbad3b24d7cc80a05fc05de04e0f|274|00001995oc3cyazo6xmf|4||0|0|0|||INST_NONE|
||Documents/Edouard/Divers/appartParent.txt -> Documents/Edouard/Divers/appartParent.txt|INST_RENAME|Down|1499062353|368272ffeedf7fd489c315885af04a51|779|00010160oc3cyazo6xmf|4||0|0|0|||INST_NONE|
||Documents/Edouard/Divers/beam NG steam key.pdf -> Documents/Edouard/Divers/beam NG steam key.pdf|INST_RENAME|Down|1498823254|c6d0b630182e025c2ffa6bc05de6a0d5|76796|00010156oc3cyazo6xmf|4||0|0|0|||INST_NONE|
||Documents/Edouard/Divers/certificat medical.pdf -> Documents/Edouard/Divers/certificat medical.pdf|INST_RENAME|Down|1474620151|7a1a435098aca5fe8b9c02cee1d35af9|17864|00001537oc3cyazo6xmf|4||0|0|0|||INST_NONE|
||Documents/Edouard/Divers/colors.tdesktop-theme -> Documents/Edouard/Divers/colors.tdesktop-theme|INST_RENAME|Down|1491295043|6a67b36c54f110aa356ba2c8e0d94253|43893|00009118oc3cyazo6xmf|4||0|0|0|||INST_NONE|
||Documents/Edouard/Divers/contrat.txt -> Documents/Edouard/Divers/contrat.txt|INST_RENAME|Down|1483444730|00206037f28bbca1ee036c49782b2f20|43|00006204oc3cyazo6xmf|4||0|0|0|||INST_NONE|
||Documents/Edouard/Divers/doc signé.docx -> Documents/Edouard/Divers/doc signé.docx|INST_RENAME|Down|1498048597|57af60d3931e1ae244a86c64df575da5|25423|00010143oc3cyazo6xmf|4||0|0|0|||INST_NONE|
||Documents/Edouard/Divers/giphy.gif -> Documents/Edouard/Divers/giphy.gif|INST_RENAME|Down|1493370929|e785a85214d8e60a9fd91f6f1bc5953d|1017071|00009682oc3cyazo6xmf|4||0|0|0|||INST_NONE|
||Documents/Edouard/Divers/grand_canyon_main_2014_-_shutterstock-kojihirano.jpg -> Documents/Edouard/Divers/grand_canyon_main_2014_-_shutterstock-kojihirano.jpg|INST_RENAME|Down|1488183924|f4e00c0046519aecc4a494bca422b0e7|101544|00008140oc3cyazo6xmf|4||0|0|0|||INST_NONE|
||Documents/Edouard/Divers/message FB.txt -> Documents/Edouard/Divers/message FB.txt|INST_RENAME|Down|1482177323|c07a45ed280033cfbd2f22053266ed82|154|00005300oc3cyazo6xmf|4||0|0|0|||INST_NONE|
||Documents/Edouard/Divers/signature-page-001.jpg -> Documents/Edouard/Divers/signature-page-001.jpg|INST_RENAME|Down|1497960048|c70bc7f728bcf514a4590114d703867f|51445|00010133oc3cyazo6xmf|4||0|0|0|||INST_NONE|
||Documents/Edouard/Divers/signature.pdf -> Documents/Edouard/Divers/signature.pdf|INST_RENAME|Down|1497959635|1e47d63b6c32aac51e052b192576064f|13057|00010132oc3cyazo6xmf|4||0|0|0|||INST_NONE|
#=#=#=# Syncrun finished 2018-01-11T14:44:42 (last step: 63 msec, total: 270 msec)
#=#=#=# Syncrun started 2018-01-11T14:46:41
#=#=#=#=# Propagation starts 2018-01-11T14:46:42 (last step: 200 msec, total: 200 msec)
||Documents/Edouard/Divers/0J7pf7HJaPTJsJJDJpUfHSDaHXmHjgzsHDpXQp7fJP7rT7fYKpJpvvpaCaHfHDX0crypto -> Documents/Edouard/Divers/0J7pf7HJaPTJsJJDJpUfHSDaHXmHjgzsHDpXQp7fJP7rT7fYKpJpvvpaCaHfHDX0crypto|INST_RENAME|Down|1484138788|4544a262d9eaa916ca7c4dfcd382ab7d|815|00007496oc3cyazo6xmf|4||0|0|0|||INST_NONE|
||Documents/Edouard/Divers/0J7pf7HJaPTJsJJDJpUfHSDaHXmHjgzsHDpXQp7fJP7rT7fYKpJpvvpaCaHfHDX0crypto.plist -> Documents/Edouard/Divers/0J7pf7HJaPTJsJJDJpUfHSDaHXmHjgzsHDpXQp7fJP7rT7fYKpJpvvpaCaHfHDX0crypto.plist|INST_RENAME|Down|1484138788|2fd3fc958a5486327f51547bc3634d76|815|00007497oc3cyazo6xmf|4||0|0|0|||INST_NONE|
||Documents/Edouard/Divers/2017-02-27 15-12-28-1.JPG -> Documents/Edouard/Divers/2017-02-27 15-12-28-1.JPG|INST_RENAME|Down|1488204761|2e09b51e616af2ea8d6720f017b1a5cb|1607628|00008145oc3cyazo6xmf|4||0|0|0|||INST_NONE|
||Documents/Edouard/Divers/7JJafX7a7aTJXxJ7FsUDJSDiHJXVHgzsqHUpXUp5fJY7T17fKNppvvEpaCa2fHDXcrypto -> Documents/Edouard/Divers/7JJafX7a7aTJXxJ7FsUDJSDiHJXVHgzsqHUpXUp5fJY7T17fKNppvvEpaCa2fHDXcrypto|INST_RENAME|Down|1488204730|2b7b701db4a2a354b39623bf6ace1171|1607698|00008143oc3cyazo6xmf|4||0|0|0|||INST_NONE|
||Documents/Edouard/Divers/7JJafX7a7aTJXxJ7FsUDJSDiHJXVHgzsqHUpXUp5fJY7T17fKNppvvEpaCa2fHDXcrypto.plist -> Documents/Edouard/Divers/7JJafX7a7aTJXxJ7FsUDJSDiHJXVHgzsqHUpXUp5fJY7T17fKNppvvEpaCa2fHDXcrypto.plist|INST_RENAME|Down|1488204730|b4ab48ab64638a50063a50a6aec50761|37315|00008144oc3cyazo6xmf|4||0|0|0|||INST_NONE|
||Documents/Edouard/Divers/New Document.odt -> Documents/Edouard/Divers/New Document.odt|INST_RENAME|Down|1483444672|110585a1cd5304b6d72090623e199619|7938|00006203oc3cyazo6xmf|4||0|0|0|||INST_NONE|
||Documents/Edouard/Divers/projects.zip -> Documents/Edouard/Divers/projects.zip|INST_RENAME|Down|1489159444|bf9e90579c19f8c3ae270a87b06ded49|296085190|00008882oc3cyazo6xmf|4||0|0|0|||INST_NONE|
#=#=#=# Syncrun finished 2018-01-11T14:46:42 (last step: 54 msec, total: 255 msec)
#=#=#=# Syncrun started 2018-01-11T14:46:51
#=#=#=#=# Propagation starts 2018-01-11T14:46:51 (last step: 157 msec, total: 157 msec)
||Documents/Edouard/Divers|INST_REMOVE|Down|1515678402||4096||4||0|0|0|||INST_NONE|
#=#=#=# Syncrun finished 2018-01-11T14:46:51 (last step: 108 msec, total: 266 msec)
#=#=#=# Syncrun started 2018-01-11T14:46:53
#=#=#=#=# Propagation starts 2018-01-11T14:46:54 (last step: 140 msec, total: 140 msec)
#=#=#=# Syncrun finished 2018-01-11T14:46:54 (last step: 13 msec, total: 153 msec)
#=#=#=# Syncrun started 2018-01-11T14:48:11
#=#=#=#=# Propagation starts 2018-01-11T14:48:12 (last step: 286 msec, total: 286 msec)
||Documents/Edouard/Travail/Divers|INST_NEW|Down|1515678490|5a576b1aef90b|0|00031212oc3cyazo6xmf|4||0|0|0|||INST_NONE|
||Documents/Edouard/Travail/Divers/Accuse de Reception Demande de Congés Paternite.pdf -> Documents/Edouard/Travail/Divers/Accuse de Reception Demande de Congés Paternite.pdf|INST_RENAME|Down|1500541061|f1a21374949c76629fb950fb7468d5e4|25638|00015398oc3cyazo6xmf|4||0|0|0|||INST_NONE|
||Documents/Edouard/Travail/Divers/BG Energy.docx -> Documents/Edouard/Travail/Divers/BG Energy.docx|INST_RENAME|Down|1476368481|a94cab4f9ca4b26c239575dc481b36ed|12008|00002428oc3cyazo6xmf|4||0|0|0|||INST_NONE|
||Documents/Edouard/Travail/Divers/BoA.docx -> Documents/Edouard/Travail/Divers/BoA.docx|INST_RENAME|Down|1481523885|0bf85858ba6e1bab3934786ad7123db1|2858592|00005263oc3cyazo6xmf|4||0|0|0|||INST_NONE|
||Documents/Edouard/Travail/Divers/Callable.txt -> Documents/Edouard/Travail/Divers/Callable.txt|INST_RENAME|Down|1476956015|56197a0f5ca95ec0f7f047d244e55bda|44|00002421oc3cyazo6xmf|4||0|0|0|||INST_NONE|
||Documents/Edouard/Travail/Divers/DE GRIVEL.docx -> Documents/Edouard/Travail/Divers/DE GRIVEL.docx|INST_RENAME|Down|1473929269|b7d24db85a53dec895d331f81ac66eaf|58763|00008074oc3cyazo6xmf|4||0|0|0|||INST_NONE|
||Documents/Edouard/Travail/Divers/Lettre Congé Paternite.docx -> Documents/Edouard/Travail/Divers/Lettre Congé Paternite.docx|INST_RENAME|Down|1500540723|b2f820cffd9fb3bd34f96a8aa4279b17|14499|00015394oc3cyazo6xmf|4||0|0|0|||INST_NONE|
||Documents/Edouard/Travail/Divers/Regional Review Feb 2016.pdf -> Documents/Edouard/Travail/Divers/Regional Review Feb 2016.pdf|INST_RENAME|Down|1512728777|805c07a63c1103d4076fdae70ba95007|667039|00025916oc3cyazo6xmf|4||0|0|0|||INST_NONE|
#=#=#=# Syncrun finished 2018-01-11T14:48:12 (last step: 25 msec, total: 311 msec)
#=#=#=# Syncrun started 2018-01-11T14:48:33
#=#=#=#=# Propagation starts 2018-01-11T14:48:33 (last step: 205 msec, total: 205 msec)
||Documents/Edouard/Travail/Divers|INST_REMOVE|Down|1515678492||4096||4||0|0|0|||INST_NONE|
#=#=#=# Syncrun finished 2018-01-11T14:48:33 (last step: 26 msec, total: 231 msec)
#=#=#=# Syncrun started 2018-01-11T14:48:35
#=#=#=#=# Propagation starts 2018-01-11T14:48:35 (last step: 191 msec, total: 191 msec)
#=#=#=# Syncrun finished 2018-01-11T14:48:35 (last step: 45 msec, total: 237 msec)
#=#=#=# Syncrun started 2018-01-11T14:49:07
#=#=#=#=# Propagation starts 2018-01-11T14:49:07 (last step: 148 msec, total: 148 msec)
#=#=#=# Syncrun finished 2018-01-11T14:49:07 (last step: 27 msec, total: 175 msec)
#=#=#=# Syncrun started 2018-01-11T14:50:17
#=#=#=#=# Propagation starts 2018-01-11T14:50:17 (last step: 149 msec, total: 149 msec)
#=#=#=# Syncrun finished 2018-01-11T14:50:17 (last step: 33 msec, total: 183 msec)
#=#=#=# Syncrun started 2018-01-11T14:52:23
#=#=#=#=# Propagation starts 2018-01-11T14:52:23 (last step: 154 msec, total: 154 msec)
#=#=#=# Syncrun finished 2018-01-11T14:52:23 (last step: 14 msec, total: 168 msec)
#=#=#=# Syncrun started 2018-01-11T15:36:51
#=#=#=#=# Propagation starts 2018-01-11T15:36:52 (last step: 200 msec, total: 200 msec)
14:37:09||Documents/Edouard/Travail/database/num_categorie_1.csv|INST_SYNC|Down|1515681406|cbbac76b17d238c70c639a92e12b4e38|101|00031209oc3cyazo6xmf|4||0|101|1515678016|||INST_NONE|
#=#=#=# Syncrun finished 2018-01-11T15:36:52 (last step: 153 msec, total: 353 msec)
#=#=#=# Syncrun started 2018-01-11T15:46:51
#=#=#=#=# Propagation starts 2018-01-11T15:46:52 (last step: 200 msec, total: 200 msec)
14:47:09||Documents/Edouard/Travail/database/num_categorie_2.csv|INST_NEW|Down|1515682009|9fc0b7a6a3b17137b8c29b31777adddb|245|00031216oc3cyazo6xmf|4||0|0|0|||INST_NONE|
#=#=#=# Syncrun finished 2018-01-11T15:46:52 (last step: 245 msec, total: 446 msec)
#=#=#=# Syncrun started 2018-01-11T15:47:51
#=#=#=#=# Propagation starts 2018-01-11T15:47:52 (last step: 189 msec, total: 189 msec)
14:48:09||Documents/Edouard/Travail/database/num_categorie_2.csv|INST_SYNC|Down|1515682012|3084cf6f6d9bba8a6a504e507fc9f7c2|245|00031216oc3cyazo6xmf|4||0|245|1515682009|||INST_NONE|
#=#=#=# Syncrun finished 2018-01-11T15:47:52 (last step: 117 msec, total: 306 msec)
#=#=#=# Syncrun started 2018-01-11T15:52:52
#=#=#=#=# Propagation starts 2018-01-11T15:52:52 (last step: 330 msec, total: 330 msec)
14:53:09||Documents/Edouard/Travail/database/num_categorie_3.csv|INST_NEW|Down|1515682361|e22acfdc76aef0e99a06ccebea720601|342|00031219oc3cyazo6xmf|4||0|0|0|||INST_NONE|
#=#=#=# Syncrun finished 2018-01-11T15:52:52 (last step: 163 msec, total: 494 msec)
#=#=#=# Syncrun started 2018-01-11T15:59:51
#=#=#=#=# Propagation starts 2018-01-11T15:59:52 (last step: 231 msec, total: 231 msec)
15:00:09||Documents/Edouard/Travail/database/data_insert_into.xlsx|INST_SYNC|Down|1515682760|9557c9d49fdd334bf0b0405328ed8731|11454|00029734oc3cyazo6xmf|4||0|10170|1514994840|||INST_NONE|
#=#=#=# Syncrun finished 2018-01-11T15:59:52 (last step: 124 msec, total: 355 msec)
#=#=#=# Syncrun started 2018-01-11T16:02:21
#=#=#=#=# Propagation starts 2018-01-11T16:02:22 (last step: 190 msec, total: 190 msec)
15:02:39||Documents/Edouard/Travail/database/data_insert_into.xlsx|INST_SYNC|Down|1515682917|8dd7bdd16ec821f1d9fa88aef7a82f39|11430|00029734oc3cyazo6xmf|4||0|11454|1515682760|||INST_NONE|
#=#=#=# Syncrun finished 2018-01-11T16:02:22 (last step: 138 msec, total: 328 msec)
#=#=#=# Syncrun started 2018-01-11T16:32:51
#=#=#=#=# Propagation starts 2018-01-11T16:32:52 (last step: 191 msec, total: 191 msec)
15:33:09||Documents/Edouard/Travail/database/num_categ_issuer.csv|INST_NEW|Down|1515682361|4d3e20c25aaa5551204043d2efb26b7b|342|00031223oc3cyazo6xmf|4||0|0|0|||INST_NONE|
#=#=#=# Syncrun finished 2018-01-11T16:32:52 (last step: 123 msec, total: 314 msec)
#=#=#=# Syncrun started 2018-01-11T16:33:52
#=#=#=#=# Propagation starts 2018-01-11T16:33:52 (last step: 217 msec, total: 217 msec)
15:34:09||Documents/Edouard/Travail/database/num_categ_issuer.csv|INST_SYNC|Down|1515684773|09577c09ac63576bbd060c30db186a63|44|00031223oc3cyazo6xmf|4||0|342|1515682361|||INST_NONE|
#=#=#=# Syncrun finished 2018-01-11T16:33:52 (last step: 127 msec, total: 344 msec)
#=#=#=# Syncrun started 2018-01-12T10:06:17
#=#=#=#=# Propagation starts 2018-01-12T10:06:17 (last step: 388 msec, total: 388 msec)
#=#=#=# Syncrun finished 2018-01-12T10:06:18 (last step: 703 msec, total: 1091 msec)
#=#=#=# Syncrun started 2018-01-12T10:15:43
#=#=#=#=# Propagation starts 2018-01-12T10:15:43 (last step: 261 msec, total: 261 msec)
09:15:58||Documents/Edouard/Travail/database/data_insert_into.xlsx|INST_SYNC|Down|1515748528|1aa8983da7dc7c98fcdd6865fa95012a|12794|00029734oc3cyazo6xmf|4||0|11430|1515682917|||INST_NONE|
#=#=#=# Syncrun finished 2018-01-12T10:15:43 (last step: 161 msec, total: 422 msec)
#=#=#=# Syncrun started 2018-01-12T10:17:43
#=#=#=#=# Propagation starts 2018-01-12T10:17:43 (last step: 273 msec, total: 273 msec)
09:17:58||Documents/Edouard/Travail/database/data_insert_into.xlsx|INST_SYNC|Down|1515748636|badd37e3d3430bcfc34637c1ed2fe4a2|13279|00029734oc3cyazo6xmf|4||0|12794|1515748528|||INST_NONE|
#=#=#=# Syncrun finished 2018-01-12T10:17:43 (last step: 205 msec, total: 479 msec)
#=#=#=# Syncrun started 2018-01-12T10:19:13
#=#=#=#=# Propagation starts 2018-01-12T10:19:13 (last step: 253 msec, total: 253 msec)
09:19:28||Documents/Edouard/Travail/database/data_insert_into.xlsx|INST_SYNC|Down|1515748745|2300b8cee3a6469ad6a29fbe74e5e804|12747|00029734oc3cyazo6xmf|4||0|13279|1515748636|||INST_NONE|
#=#=#=# Syncrun finished 2018-01-12T10:19:13 (last step: 184 msec, total: 437 msec)
#=#=#=# Syncrun started 2018-01-12T10:20:43
#=#=#=#=# Propagation starts 2018-01-12T10:20:43 (last step: 245 msec, total: 245 msec)
09:20:58||Documents/Edouard/Travail/database/num_categorie_3 - Copie.csv|INST_NEW|Down|1515682361|4d3e20c25aaa5551204043d2efb26b7b|342|00031229oc3cyazo6xmf|4||0|0|0|||INST_NONE|
#=#=#=# Syncrun finished 2018-01-12T10:20:43 (last step: 243 msec, total: 488 msec)
#=#=#=# Syncrun started 2018-01-12T10:21:43
#=#=#=#=# Propagation starts 2018-01-12T10:21:43 (last step: 345 msec, total: 345 msec)
||Documents/Edouard/Travail/database/num_sector.csv -> Documents/Edouard/Travail/database/num_sector.csv|INST_RENAME|Down|1515682361|4d3e20c25aaa5551204043d2efb26b7b|342|00031229oc3cyazo6xmf|4||0|0|0|||INST_NONE|
#=#=#=# Syncrun finished 2018-01-12T10:21:43 (last step: 124 msec, total: 469 msec)
#=#=#=# Syncrun started 2018-01-12T11:20:13
#=#=#=#=# Propagation starts 2018-01-12T11:20:13 (last step: 194 msec, total: 194 msec)
10:20:28||Documents/Edouard/Travail/database/num_sector.csv|INST_SYNC|Down|1515752398|8a65e6804648335e0769147f1bb57d8f|1023|00031229oc3cyazo6xmf|4||0|342|1515682361|||INST_NONE|
#=#=#=# Syncrun finished 2018-01-12T11:20:13 (last step: 129 msec, total: 323 msec)
#=#=#=# Syncrun started 2018-01-12T11:21:13
#=#=#=#=# Propagation starts 2018-01-12T11:21:13 (last step: 215 msec, total: 215 msec)
10:21:28||Documents/Edouard/Travail/database/num_pays_risque.csv|INST_NEW|Down|1515752398|7a4ece45ea973c162a6762f1f20d1313|1023|00031232oc3cyazo6xmf|4||0|0|0|||INST_NONE|
#=#=#=# Syncrun finished 2018-01-12T11:21:14 (last step: 1292 msec, total: 1508 msec)
#=#=#=# Syncrun started 2018-01-12T11:22:13
#=#=#=#=# Propagation starts 2018-01-12T11:22:13 (last step: 193 msec, total: 193 msec)
10:22:28||Documents/Edouard/Travail/database/num_pays_risque.csv|INST_SYNC|Down|1515752527|30affa94a62ad7eae0a3b1e5dbb11928|209|00031232oc3cyazo6xmf|4||0|1023|1515752398|||INST_NONE|
#=#=#=# Syncrun finished 2018-01-12T11:22:13 (last step: 133 msec, total: 327 msec)
#=#=#=# Syncrun started 2018-01-12T11:51:43
#=#=#=#=# Propagation starts 2018-01-12T11:51:43 (last step: 250 msec, total: 250 msec)
10:51:58||Documents/Edouard/Travail/database/ref_issuer.csv|INST_NEW|Down|1515754289|af5c4988c08db0b80d42551fb517d82e|11119|00031234oc3cyazo6xmf|4||0|0|0|||INST_NONE|
#=#=#=# Syncrun finished 2018-01-12T11:51:43 (last step: 141 msec, total: 391 msec)
#=#=#=# Syncrun started 2018-01-12T11:55:13
#=#=#=#=# Propagation starts 2018-01-12T11:55:13 (last step: 264 msec, total: 264 msec)
10:55:28||Documents/Edouard/Travail/database/ref_issuer.csv|INST_SYNC|Down|1515754508|eb826727b32a5a2a720a6be1079f8e82|11119|00031234oc3cyazo6xmf|4||0|11119|1515754289|||INST_NONE|
#=#=#=# Syncrun finished 2018-01-12T11:55:13 (last step: 137 msec, total: 402 msec)
#=#=#=# Syncrun started 2018-01-12T11:56:43
#=#=#=#=# Propagation starts 2018-01-12T11:56:43 (last step: 201 msec, total: 201 msec)
10:56:58||Documents/Edouard/Travail/database/ref_issuer.csv|INST_SYNC|Down|1515754593|962035a8df4690667aa7465c1c83a57b|13119|00031234oc3cyazo6xmf|4||0|11119|1515754508|||INST_NONE|
#=#=#=# Syncrun finished 2018-01-12T11:56:43 (last step: 131 msec, total: 332 msec)
#=#=#=# Syncrun started 2018-01-12T11:59:13
#=#=#=#=# Propagation starts 2018-01-12T11:59:13 (last step: 195 msec, total: 195 msec)
10:59:28||Documents/Edouard/Travail/database/data_insert_into.xlsx|INST_SYNC|Down|1515754731|0fe039c08faa664969a09be67c6adc7b|198464|00029734oc3cyazo6xmf|4||0|12747|1515748745|||INST_NONE|
#=#=#=# Syncrun finished 2018-01-12T11:59:13 (last step: 186 msec, total: 381 msec)
#=#=#=# Syncrun started 2018-01-12T12:01:13
#=#=#=#=# Propagation starts 2018-01-12T12:01:13 (last step: 203 msec, total: 203 msec)
11:01:28||Documents/Edouard/Travail/database/ref_issuer.csv|INST_SYNC|Down|1515754865|0629c3ecb83c49fe7824665f7a2eafc3|13635|00031234oc3cyazo6xmf|4||0|13119|1515754593|||INST_NONE|
#=#=#=# Syncrun finished 2018-01-12T12:01:13 (last step: 168 msec, total: 372 msec)
#=#=#=# Syncrun started 2018-01-12T13:25:13
#=#=#=#=# Propagation starts 2018-01-12T13:25:13 (last step: 195 msec, total: 195 msec)
12:25:28||Documents/Edouard/Travail/database/num_categ_issuer.csv|INST_SYNC|Down|1515759899|1ff71ad3a29153b22e03516334857632|56|00031223oc3cyazo6xmf|4||0|44|1515684773|||INST_NONE|
#=#=#=# Syncrun finished 2018-01-12T13:25:16 (last step: 3005 msec, total: 3200 msec)
#=#=#=# Syncrun started 2018-01-12T13:54:13
#=#=#=#=# Propagation starts 2018-01-12T13:54:13 (last step: 207 msec, total: 207 msec)
12:54:28||Documents/Edouard/Travail/database/num_group.csv|INST_NEW|Down|1515752527|db818f0579da31bd46427e2c7ac88adf|209|00031240oc3cyazo6xmf|4||0|0|0|||INST_NONE|
#=#=#=# Syncrun finished 2018-01-12T13:54:13 (last step: 134 msec, total: 341 msec)
#=#=#=# Syncrun started 2018-01-12T13:55:13
#=#=#=#=# Propagation starts 2018-01-12T13:55:13 (last step: 208 msec, total: 208 msec)
12:55:28||Documents/Edouard/Travail/database/num_group.csv|INST_SYNC|Down|1515761683|a16aec62fdb707632d53aa183d2eb035|9226|00031240oc3cyazo6xmf|4||0|209|1515752527|||INST_NONE|
#=#=#=# Syncrun finished 2018-01-12T13:55:13 (last step: 129 msec, total: 337 msec)
#=#=#=# Syncrun started 2018-01-12T14:59:13
#=#=#=#=# Propagation starts 2018-01-12T14:59:13 (last step: 200 msec, total: 200 msec)
13:59:28||Documents/Edouard/Travail/database/num_group.csv|INST_SYNC|Down|1515765529|176120cffb996c875d2db4a12be6c3ca|8620|00031240oc3cyazo6xmf|4||0|9226|1515761683|||INST_NONE|
#=#=#=# Syncrun finished 2018-01-12T14:59:13 (last step: 149 msec, total: 349 msec)
#=#=#=# Syncrun started 2018-01-12T15:10:13
#=#=#=#=# Propagation starts 2018-01-12T15:10:13 (last step: 195 msec, total: 195 msec)
14:10:28||Documents/Edouard/Travail/database/num_group.csv|INST_SYNC|Down|1515766189|4400f3aa28501e735b0b4d6a32beff79|10070|00031240oc3cyazo6xmf|4||0|8620|1515765529|||INST_NONE|
14:10:28||Documents/Edouard/Travail/database/ref_issuer.csv|INST_SYNC|Down|1515766206|8db1ed765b4d9adf495d952be0772e1f|25062|00031234oc3cyazo6xmf|4||0|13635|1515754865|||INST_NONE|
#=#=#=# Syncrun finished 2018-01-12T15:10:13 (last step: 202 msec, total: 397 msec)
#=#=#=# Syncrun started 2018-01-12T15:14:43
#=#=#=#=# Propagation starts 2018-01-12T15:14:43 (last step: 247 msec, total: 247 msec)
14:14:58||Documents/Edouard/Travail/database/num_group.csv|INST_SYNC|Down|1515766457|b53310e907f38e7eaac694583e38fea8|10118|00031240oc3cyazo6xmf|4||0|10070|1515766189|||INST_NONE|
#=#=#=# Syncrun finished 2018-01-12T15:14:43 (last step: 143 msec, total: 390 msec)
#=#=#=# Syncrun started 2018-01-12T15:18:13
#=#=#=#=# Propagation starts 2018-01-12T15:18:13 (last step: 194 msec, total: 194 msec)
14:18:28||Documents/Edouard/Travail/database/num_group.csv|INST_SYNC|Down|1515766688|48bfd188b9ac607b6dfd2ddaad96fb26|10136|00031240oc3cyazo6xmf|4||0|10118|1515766457|||INST_NONE|
#=#=#=# Syncrun finished 2018-01-12T15:18:13 (last step: 127 msec, total: 322 msec)
#=#=#=# Syncrun started 2018-01-12T15:22:13
#=#=#=#=# Propagation starts 2018-01-12T15:22:13 (last step: 209 msec, total: 209 msec)
14:22:28||Documents/Edouard/Travail/database/num_group.csv|INST_SYNC|Down|1515766900|64e4f5a490d246a6ed7feeb5f9c318b4|10162|00031240oc3cyazo6xmf|4||0|10136|1515766688|||INST_NONE|
#=#=#=# Syncrun finished 2018-01-12T15:22:13 (last step: 176 msec, total: 386 msec)
#=#=#=# Syncrun started 2018-01-12T15:23:43
#=#=#=#=# Propagation starts 2018-01-12T15:23:43 (last step: 197 msec, total: 197 msec)
14:23:58||Documents/Edouard/Travail/database/ref_issuer.csv|INST_SYNC|Down|1515767020|68ad242d3de768b3184807423d8a36c0|25125|00031234oc3cyazo6xmf|4||0|25062|1515766206|||INST_NONE|
#=#=#=# Syncrun finished 2018-01-12T15:23:43 (last step: 128 msec, total: 325 msec)
#=#=#=# Syncrun started 2018-01-12T15:25:13
#=#=#=#=# Propagation starts 2018-01-12T15:25:13 (last step: 195 msec, total: 195 msec)
14:25:28||Documents/Edouard/Travail/database/num_group.csv|INST_SYNC|Down|1515767092|0ff6c1631bf546c6359c03ba3107b075|10199|00031240oc3cyazo6xmf|4||0|10162|1515766900|||INST_NONE|
#=#=#=# Syncrun finished 2018-01-12T15:25:13 (last step: 121 msec, total: 316 msec)
#=#=#=# Syncrun started 2018-01-12T15:26:43
#=#=#=#=# Propagation starts 2018-01-12T15:26:43 (last step: 190 msec, total: 190 msec)
14:26:58||Documents/Edouard/Travail/database/num_group.csv|INST_SYNC|Down|1515767174|378b577fe1ab692b79e76f45a98f87aa|10231|00031240oc3cyazo6xmf|4||0|10199|1515767092|||INST_NONE|
#=#=#=# Syncrun finished 2018-01-12T15:26:43 (last step: 120 msec, total: 310 msec)
#=#=#=# Syncrun started 2018-01-12T15:28:43
#=#=#=#=# Propagation starts 2018-01-12T15:28:43 (last step: 193 msec, total: 193 msec)
14:28:58||Documents/Edouard/Travail/database/num_group.csv|INST_SYNC|Down|1515767319|2b541398268a2f769e301894d6662c49|10272|00031240oc3cyazo6xmf|4||0|10231|1515767174|||INST_NONE|
#=#=#=# Syncrun finished 2018-01-12T15:28:43 (last step: 114 msec, total: 308 msec)
#=#=#=# Syncrun started 2018-01-12T15:30:43
#=#=#=#=# Propagation starts 2018-01-12T15:30:43 (last step: 189 msec, total: 189 msec)
14:30:58||Documents/Edouard/Travail/database/num_group.csv|INST_SYNC|Down|1515767424|40e0956102f2961a781082a633b26dc8|10303|00031240oc3cyazo6xmf|4||0|10272|1515767319|||INST_NONE|
#=#=#=# Syncrun finished 2018-01-12T15:30:44 (last step: 1174 msec, total: 1363 msec)
#=#=#=# Syncrun started 2018-01-12T15:31:43
#=#=#=#=# Propagation starts 2018-01-12T15:31:43 (last step: 199 msec, total: 199 msec)
14:31:58||Documents/Edouard/Travail/database/num_group.csv|INST_SYNC|Down|1515767491|229acc52ee9fbe89fe50ecac0340673c|10334|00031240oc3cyazo6xmf|4||0|10303|1515767424|||INST_NONE|
#=#=#=# Syncrun finished 2018-01-12T15:31:43 (last step: 126 msec, total: 325 msec)
#=#=#=# Syncrun started 2018-01-12T15:32:43
#=#=#=#=# Propagation starts 2018-01-12T15:32:43 (last step: 192 msec, total: 192 msec)
14:32:58||Documents/Edouard/Travail/database/num_group.csv|INST_SYNC|Down|1515767520|d87469262dbfb479ef54e94b98d00bb5|10334|00031240oc3cyazo6xmf|4||0|10334|1515767491|||INST_NONE|
#=#=#=# Syncrun finished 2018-01-12T15:32:43 (last step: 129 msec, total: 322 msec)
#=#=#=# Syncrun started 2018-01-12T15:33:43
#=#=#=#=# Propagation starts 2018-01-12T15:33:43 (last step: 192 msec, total: 192 msec)
14:33:58||Documents/Edouard/Travail/database/num_group.csv|INST_SYNC|Down|1515767594|b359cf591ee27a0d60cada2c2d84ebe0|10334|00031240oc3cyazo6xmf|4||0|10334|1515767520|||INST_NONE|
#=#=#=# Syncrun finished 2018-01-12T15:33:43 (last step: 145 msec, total: 338 msec)
#=#=#=# Syncrun started 2018-01-12T15:34:43
#=#=#=#=# Propagation starts 2018-01-12T15:34:43 (last step: 194 msec, total: 194 msec)
14:34:58||Documents/Edouard/Travail/database/num_group.csv|INST_SYNC|Down|1515767623|9d2dd871350fca72fa0fafe48a67018f|10352|00031240oc3cyazo6xmf|4||0|10334|1515767594|||INST_NONE|
#=#=#=# Syncrun finished 2018-01-12T15:34:43 (last step: 135 msec, total: 329 msec)
#=#=#=# Syncrun started 2018-01-12T15:41:13
#=#=#=#=# Propagation starts 2018-01-12T15:41:13 (last step: 249 msec, total: 249 msec)
14:41:28||Documents/Edouard/Travail/database/ref_issuer.xlsx|INST_NEW|Down|1515768070|ad36453f486e2170a9bb0cb8b2fda341|137473|00031259oc3cyazo6xmf|4||0|0|0|||INST_NONE|
#=#=#=# Syncrun finished 2018-01-12T15:41:13 (last step: 162 msec, total: 412 msec)
#=#=#=# Syncrun started 2018-01-12T15:42:13
#=#=#=#=# Propagation starts 2018-01-12T15:42:13 (last step: 242 msec, total: 242 msec)
14:42:28||Documents/Edouard/Travail/database/num_group.csv|INST_SYNC|Down|1515768110|1399f2dd1be7e0e2fed679210a535adf|8961|00031240oc3cyazo6xmf|4||0|10352|1515767623|||INST_NONE|
14:42:28||Documents/Edouard/Travail/database/ref_issuer.csv|INST_SYNC|Down|1515768118|db9fe49d88ef0866e8c255312b39ea80|17282|00031234oc3cyazo6xmf|4||0|25125|1515767020|||INST_NONE|
#=#=#=# Syncrun finished 2018-01-12T15:42:13 (last step: 224 msec, total: 466 msec)
#=#=#=# Syncrun started 2018-01-12T15:44:43
#=#=#=#=# Propagation starts 2018-01-12T15:44:43 (last step: 253 msec, total: 253 msec)
14:44:58||Documents/Edouard/Travail/database/num_pays_risque.csv|INST_SYNC|Down|1515768272|8fff6273c238786c833ae22b1898ab2a|209|00031232oc3cyazo6xmf|4||0|209|1515752527|||INST_NONE|
14:44:58||Documents/Edouard/Travail/database/num_sector.csv|INST_SYNC|Down|1515768263|17b1ab17705b4c08e8dc3625980277fe|1023|00031229oc3cyazo6xmf|4||0|1023|1515752398|||INST_NONE|
#=#=#=# Syncrun finished 2018-01-12T15:44:43 (last step: 209 msec, total: 463 msec)
#=#=#=# Syncrun started 2018-01-12T15:45:43
#=#=#=#=# Propagation starts 2018-01-12T15:45:43 (last step: 198 msec, total: 198 msec)
14:45:58||Documents/Edouard/Travail/database/num_categ_issuer.csv|INST_SYNC|Down|1515768284|7d388857907f3e8be0f49c9839028743|56|00031223oc3cyazo6xmf|4||0|56|1515759899|||INST_NONE|
#=#=#=# Syncrun finished 2018-01-12T15:45:43 (last step: 118 msec, total: 317 msec)
#=#=#=# Syncrun started 2018-01-12T15:50:13
#=#=#=#=# Propagation starts 2018-01-12T15:50:13 (last step: 191 msec, total: 191 msec)
14:50:28||Documents/Edouard/Travail/database/data_insert_into.xlsx|INST_SYNC|Down|1515768597|5d54152b69c039a9b1a6d7e607fad51e|214584|00029734oc3cyazo6xmf|4||0|198464|1515754731|||INST_NONE|
#=#=#=# Syncrun finished 2018-01-12T15:50:13 (last step: 178 msec, total: 369 msec)
#=#=#=# Syncrun started 2018-01-12T15:51:43
#=#=#=#=# Propagation starts 2018-01-12T15:51:43 (last step: 209 msec, total: 209 msec)
14:51:58||Documents/Edouard/Travail/database/data_insert_into.xlsx|INST_SYNC|Down|1515768692|8b85559934f069a43ecc46f182aab7cd|214579|00029734oc3cyazo6xmf|4||0|214584|1515768597|||INST_NONE|
#=#=#=# Syncrun finished 2018-01-12T15:51:43 (last step: 192 msec, total: 402 msec)
#=#=#=# Syncrun started 2018-01-12T16:02:43
#=#=#=#=# Propagation starts 2018-01-12T16:02:43 (last step: 247 msec, total: 247 msec)
15:02:58||Documents/Edouard/Travail/database/data_insert_into.xlsx|INST_SYNC|Down|1515769332|6d3c7c2d278df3bb53dbd9a7b11fb5e6|214712|00029734oc3cyazo6xmf|4||0|214579|1515768692|||INST_NONE|
#=#=#=# Syncrun finished 2018-01-12T16:02:43 (last step: 188 msec, total: 435 msec)
#=#=#=# Syncrun started 2018-01-12T16:05:43
#=#=#=#=# Propagation starts 2018-01-12T16:05:43 (last step: 247 msec, total: 247 msec)
15:05:58||Documents/Edouard/Travail/database/data_insert_into.xlsx|INST_SYNC|Down|1515769534|f2eb1048f039fd605136872b32c2bff9|215268|00029734oc3cyazo6xmf|4||0|214712|1515769332|||INST_NONE|
#=#=#=# Syncrun finished 2018-01-12T16:05:43 (last step: 172 msec, total: 419 msec)
#=#=#=# Syncrun started 2018-01-12T16:07:13
#=#=#=#=# Propagation starts 2018-01-12T16:07:13 (last step: 253 msec, total: 253 msec)
15:07:28||Documents/Edouard/Travail/database/data_insert_into.xlsx|INST_SYNC|Down|1515769627|fc0c3e716a8ec01e8b839082ffece26c|217734|00029734oc3cyazo6xmf|4||0|215268|1515769534|||INST_NONE|
#=#=#=# Syncrun finished 2018-01-12T16:07:13 (last step: 200 msec, total: 454 msec)
#=#=#=# Syncrun started 2018-01-12T16:08:13
#=#=#=#=# Propagation starts 2018-01-12T16:08:13 (last step: 246 msec, total: 246 msec)
15:08:28||Documents/Edouard/Travail/database/data_insert_into.xlsx|INST_SYNC|Down|1515769658|a36ba7a418136e8849b4713ba7b016af|217731|00029734oc3cyazo6xmf|4||0|217734|1515769627|||INST_NONE|
#=#=#=# Syncrun finished 2018-01-12T16:08:13 (last step: 216 msec, total: 462 msec)
#=#=#=# Syncrun started 2018-01-12T16:10:13
#=#=#=#=# Propagation starts 2018-01-12T16:10:13 (last step: 273 msec, total: 273 msec)
||Documents/Edouard/Travail/database/data_insert_into Feuille de Route.xlsx -> Documents/Edouard/Travail/database/data_insert_into Feuille de Route.xlsx|INST_RENAME|Down|1515769658|a36ba7a418136e8849b4713ba7b016af|217731|00029734oc3cyazo6xmf|4||0|0|0|||INST_NONE|
#=#=#=# Syncrun finished 2018-01-12T16:10:13 (last step: 15 msec, total: 289 msec)
#=#=#=# Syncrun started 2018-01-12T16:22:13
#=#=#=#=# Propagation starts 2018-01-12T16:22:13 (last step: 207 msec, total: 207 msec)
15:22:28||Documents/Edouard/Travail/database/ref_global.csv|INST_SYNC|Down|1515770504|da28e9da7ca23b508e3bff603b2e705f|170104|00031194oc3cyazo6xmf|4||0|50024|1515673824|||INST_NONE|
#=#=#=# Syncrun finished 2018-01-12T16:22:13 (last step: 165 msec, total: 372 msec)
#=#=#=# Syncrun started 2018-01-12T16:26:43
#=#=#=#=# Propagation starts 2018-01-12T16:26:43 (last step: 199 msec, total: 199 msec)
15:26:58||Documents/Edouard/Travail/database/ref_global.csv|INST_SYNC|Down|1515770785|7d1173a50e8269f2d7122ca5b7c4d3ef|171361|00031194oc3cyazo6xmf|4||0|170104|1515770504|||INST_NONE|
15:26:58||Documents/Edouard/Travail/database/ref_global_maker.xlsx|INST_NEW|Down|1515770799|32377e23597ac148db38acdbd13ba7c1|383295|00031279oc3cyazo6xmf|4||0|0|0|||INST_NONE|
#=#=#=# Syncrun finished 2018-01-12T16:26:44 (last step: 615 msec, total: 814 msec)
#=#=#=# Syncrun started 2018-01-12T16:27:43
#=#=#=#=# Propagation starts 2018-01-12T16:27:43 (last step: 238 msec, total: 238 msec)
||Documents/Edouard/Travail/database/ref_issuer_maker.xlsx -> Documents/Edouard/Travail/database/ref_issuer_maker.xlsx|INST_RENAME|Down|1515768070|ad36453f486e2170a9bb0cb8b2fda341|137473|00031259oc3cyazo6xmf|4||0|0|0|||INST_NONE|
#=#=#=# Syncrun finished 2018-01-12T16:27:43 (last step: 8 msec, total: 246 msec)
#=#=#=# Syncrun started 2018-01-12T16:28:43
#=#=#=#=# Propagation starts 2018-01-12T16:28:43 (last step: 305 msec, total: 305 msec)
15:28:58||Documents/Edouard/Travail/database/num_niv_seniorite.csv|INST_NEW|Down|1515768110|4713473fb7f5b38b1e089effea7e464e|8961|00031280oc3cyazo6xmf|4||0|0|0|||INST_NONE|
#=#=#=# Syncrun finished 2018-01-12T16:28:43 (last step: 138 msec, total: 443 msec)
#=#=#=# Syncrun started 2018-01-12T16:30:43
#=#=#=#=# Propagation starts 2018-01-12T16:30:43 (last step: 287 msec, total: 287 msec)
15:30:58||Documents/Edouard/Travail/database/data_insert_into Feuille de Route.xlsx|INST_SYNC|Down|1515771016|d0c8024babc4ea7578af77eda78d09d5|217760|00029734oc3cyazo6xmf|4||0|217731|1515769658|||INST_NONE|
#=#=#=# Syncrun finished 2018-01-12T16:30:43 (last step: 181 msec, total: 468 msec)
#=#=#=# Syncrun started 2018-01-12T16:55:43
#=#=#=#=# Propagation starts 2018-01-12T16:55:43 (last step: 248 msec, total: 248 msec)
15:55:58||Documents/Edouard/Travail/database/num_niv_seniorite.csv|INST_SYNC|Down|1515772512|0911e1de1331b0445ac585f21c4f9b3a|66|00031280oc3cyazo6xmf|4||0|8961|1515768110|||INST_NONE|
#=#=#=# Syncrun finished 2018-01-12T16:55:43 (last step: 142 msec, total: 390 msec)
#=#=#=# Syncrun started 2018-01-12T16:58:43
#=#=#=#=# Propagation starts 2018-01-12T16:58:43 (last step: 247 msec, total: 247 msec)
15:58:58||Documents/Edouard/Travail/database/data_insert_into Feuille de Route.xlsx|INST_SYNC|Down|1515772698|cfeb44fb504b30caf78c0155b5b77961|218227|00029734oc3cyazo6xmf|4||0|217760|1515771016|||INST_NONE|
#=#=#=# Syncrun finished 2018-01-12T16:58:43 (last step: 196 msec, total: 443 msec)
#=#=#=# Syncrun started 2018-01-12T17:05:13
#=#=#=#=# Propagation starts 2018-01-12T17:05:13 (last step: 245 msec, total: 245 msec)
16:05:28||Documents/Edouard/Travail/database/num_categorie_2.csv|INST_SYNC|Down|1515773102|0fab53bd6a1db16b2520bf13c6afc77c|245|00031216oc3cyazo6xmf|4||0|245|1515682012|||INST_NONE|
#=#=#=# Syncrun finished 2018-01-12T17:05:13 (last step: 146 msec, total: 392 msec)
#=#=#=# Syncrun started 2018-01-12T17:06:43
#=#=#=#=# Propagation starts 2018-01-12T17:06:43 (last step: 260 msec, total: 260 msec)
16:06:58||Documents/Edouard/Travail/database/ref_global.csv|INST_SYNC|Down|1515773190|0813604da331dbb48ed0fb97d6568e20|177606|00031194oc3cyazo6xmf|4||0|171361|1515770785|||INST_NONE|
#=#=#=# Syncrun finished 2018-01-12T17:06:43 (last step: 205 msec, total: 465 msec)
#=#=#=# Syncrun started 2018-01-12T17:07:43
#=#=#=#=# Propagation starts 2018-01-12T17:07:43 (last step: 255 msec, total: 255 msec)
16:07:58||Documents/Edouard/Travail/database/num_categorie_1.csv|INST_SYNC|Down|1515773203|49aed0f098b882bc9810c4ac6c95a834|101|00031209oc3cyazo6xmf|4||0|101|1515681406|||INST_NONE|
16:07:58||Documents/Edouard/Travail/database/num_categorie_3.csv|INST_SYNC|Down|1515773211|1a87651d3abfafb2aa5f7087a21a1dd1|366|00031219oc3cyazo6xmf|4||0|342|1515682361|||INST_NONE|
16:07:58||Documents/Edouard/Travail/database/ref_global.csv|INST_SYNC|Down|1515773242|2e49a77d49384d62a44fea1721e0b31c|68881|00031194oc3cyazo6xmf|4||0|177606|1515773190|||INST_NONE|
#=#=#=# Syncrun finished 2018-01-12T17:07:43 (last step: 360 msec, total: 615 msec)
#=#=#=# Syncrun started 2018-01-12T17:14:13
#=#=#=#=# Propagation starts 2018-01-12T17:14:13 (last step: 253 msec, total: 253 msec)
16:14:28||Documents/Edouard/Travail/database/ref_global.csv|INST_SYNC|Down|1515773648|272ec838f3d0283416084cd4000d0cd2|68805|00031194oc3cyazo6xmf|4||0|68881|1515773242|||INST_NONE|
#=#=#=# Syncrun finished 2018-01-12T17:14:13 (last step: 170 msec, total: 424 msec)
#=#=#=# Syncrun started 2018-01-12T17:16:43
#=#=#=#=# Propagation starts 2018-01-12T17:16:43 (last step: 249 msec, total: 249 msec)
16:16:58||Documents/Edouard/Travail/database/ref_issuer.csv|INST_SYNC|Down|1515773781|25ac313b2ee039cbb3643e095e2123ae|16338|00031234oc3cyazo6xmf|4||0|17282|1515768118|||INST_NONE|
#=#=#=# Syncrun finished 2018-01-12T17:16:43 (last step: 126 msec, total: 375 msec)
#=#=#=# Syncrun started 2018-01-12T17:17:43
#=#=#=#=# Propagation starts 2018-01-12T17:17:43 (last step: 252 msec, total: 252 msec)
16:17:58||Documents/Edouard/Travail/database/ref_issuer.csv|INST_SYNC|Down|1515773856|f584d240c30c875f76ae47117a775b7b|16338|00031234oc3cyazo6xmf|4||0|16338|1515773781|||INST_NONE|
16:17:58||Documents/Edouard/Travail/database/ref_global.csv|INST_SYNC|Down|1515773824|e4031ac67d7b23d0b2456d06876b36ec|69231|00031194oc3cyazo6xmf|4||0|68805|1515773648|||INST_NONE|
#=#=#=# Syncrun finished 2018-01-12T17:17:46 (last step: 2622 msec, total: 2874 msec)
#=#=#=# Syncrun started 2018-01-12T17:18:43
#=#=#=#=# Propagation starts 2018-01-12T17:18:43 (last step: 255 msec, total: 255 msec)
16:18:58||Documents/Edouard/Travail/database/ref_issuer.csv|INST_SYNC|Down|1515773914|771ee96832fb8796d766d6a4f650f240|16270|00031234oc3cyazo6xmf|4||0|16338|1515773856|||INST_NONE|
#=#=#=# Syncrun finished 2018-01-12T17:18:43 (last step: 120 msec, total: 376 msec)
#=#=#=# Syncrun started 2018-01-12T17:20:13
#=#=#=#=# Propagation starts 2018-01-12T17:20:13 (last step: 271 msec, total: 271 msec)
16:20:28||Documents/Edouard/Travail/database/ref_issuer.csv|INST_SYNC|Down|1515774001|d71a092abd80421255320812e5f6405a|16270|00031234oc3cyazo6xmf|4||0|16270|1515773914|||INST_NONE|
#=#=#=# Syncrun finished 2018-01-12T17:20:13 (last step: 134 msec, total: 406 msec)
